<?xml version="1.0" encoding="UTF-8"?>
<testng-results ignored="0" total="1" passed="1" failed="0" skipped="0">
  <reporter-output>
  </reporter-output>
  <suite started-at="2021-11-11T02:36:09 GMT-08:00" name="Default suite" finished-at="2021-11-11T02:36:09 GMT-08:00" duration-ms="131">
    <groups>
    </groups>
    <test started-at="2021-11-11T02:36:09 GMT-08:00" name="Default test" finished-at="2021-11-11T02:36:09 GMT-08:00" duration-ms="131">
      <class name="github.practice.pull">
        <test-method signature="github()[pri:0, instance:github.practice.pull@61d6015a]" started-at="2021-11-11T02:36:09 GMT-08:00" name="github" finished-at="2021-11-11T02:36:09 GMT-08:00" duration-ms="21" status="PASS">
          <reporter-output>
          </reporter-output>
        </test-method> <!-- github -->
      </class> <!-- github.practice.pull -->
    </test> <!-- Default test -->
  </suite> <!-- Default suite -->
</testng-results>
