<?xml version="1.0" encoding="UTF-8"?>
<testng-results ignored="0" total="1" passed="1" failed="0" skipped="0">
  <reporter-output>
  </reporter-output>
  <suite started-at="2021-11-11T02:53:08 GMT-08:00" name="Default suite" finished-at="2021-11-11T02:53:09 GMT-08:00" duration-ms="134">
    <groups>
    </groups>
    <test started-at="2021-11-11T02:53:08 GMT-08:00" name="Default test" finished-at="2021-11-11T02:53:09 GMT-08:00" duration-ms="134">
      <class name="demotest.smoke">
        <test-method signature="demotest()[pri:0, instance:demotest.smoke@e1de817]" started-at="2021-11-11T02:53:08 GMT-08:00" name="demotest" finished-at="2021-11-11T02:53:08 GMT-08:00" duration-ms="21" status="PASS">
          <reporter-output>
          </reporter-output>
        </test-method> <!-- demotest -->
      </class> <!-- demotest.smoke -->
    </test> <!-- Default test -->
  </suite> <!-- Default suite -->
</testng-results>
